2021-06-30 19:39:38,805  INFO - MESSAGE: OK
 2021-06-30 19:39:38,812  INFO - MESSAGE: I Enter "vv" in Username
 2021-06-30 19:39:38,846  INFO - MESSAGE: OK
 2021-06-30 19:39:38,847  INFO - MESSAGE: I Enter "trakit1234" in Password
 2021-06-30 19:39:38,892  INFO - MESSAGE: OK
 2021-06-30 19:39:38,892  INFO - MESSAGE: I Click Login button
 2021-06-30 19:39:49,197  INFO - MESSAGE: OK
 2021-06-30 19:39:49,198  INFO - MESSAGE: I should be able to login successfully
 2021-06-30 19:39:49,199  INFO - MESSAGE: OK
 2021-06-30 19:39:49,201  INFO - MESSAGE: OK
 2021-06-30 19:40:30,600  INFO - MESSAGE: OK
 2021-06-30 19:40:30,607  INFO - MESSAGE: The user is on 'Permitting' screen
 2021-06-30 19:40:40,514  INFO - MESSAGE: OK
 2021-06-30 19:40:40,515  INFO - MESSAGE: 'Permitting' on 'Permitting' is expanded
 2021-06-30 19:40:55,573  INFO - MESSAGE: OK
 2021-06-30 19:40:55,575  INFO - MESSAGE: The user 'Add' Notes
 2021-06-30 19:40:56,805  INFO - MESSAGE: OK
 2021-06-30 19:40:56,805  INFO - MESSAGE: The user Saves Notes on the window
 2021-06-30 19:40:56,969  INFO - MESSAGE: OK
 2021-06-30 19:40:56,969  INFO - MESSAGE: The text entered should be visible when the user hovers over the Notes button
 2021-06-30 19:41:02,266  INFO - MESSAGE: OK
 2021-06-30 19:41:02,270  INFO - MESSAGE: OK
 2021-06-30 19:41:03,528  INFO - MESSAGE: Edit Permitting
 2021-06-30 19:41:03,528  INFO - MESSAGE: The user is logged into the application
 2021-06-30 19:41:37,488  INFO - MESSAGE: OK
 2021-06-30 19:41:37,489  INFO - MESSAGE: The user is on 'Permitting' screen
 2021-06-30 19:41:48,561  INFO - MESSAGE: OK
 2021-06-30 19:41:48,562  INFO - MESSAGE: 'Permitting' on 'Permitting' is expanded
 2021-06-30 19:42:03,643  INFO - MESSAGE: OK
 2021-06-30 19:42:03,644  INFO - MESSAGE: The user 'Edit' Permitting
 2021-06-30 19:42:05,073  INFO - MESSAGE: OK
 2021-06-30 19:42:05,073  INFO - MESSAGE: The user should be able to Save Permitting
 2021-06-30 19:42:20,139  INFO - MESSAGE: TestError
 2021-06-30 19:42:20,143  INFO - MESSAGE: TestError
 2021-07-01 13:26:50,898  INFO - MESSAGE: TestError
 2021-07-01 13:26:50,924  INFO - MESSAGE: TestError
 2021-07-01 13:26:52,703  INFO - MESSAGE: Edit Permitting
 2021-07-01 13:26:52,704  INFO - MESSAGE: The user is logged into the application
 2021-07-01 13:26:53,134  INFO - MESSAGE: TestError
 2021-07-01 13:26:53,135  INFO - MESSAGE: TestError
 2021-07-01 13:28:51,650  INFO - MESSAGE: OK
 2021-07-01 13:28:51,657  INFO - MESSAGE: The user is on 'Permitting' screen
 2021-07-01 13:29:04,516  INFO - MESSAGE: OK
 2021-07-01 13:29:04,517  INFO - MESSAGE: 'Permitting' on 'Permitting' is expanded
 2021-07-01 13:29:19,608  INFO - MESSAGE: OK
 2021-07-01 13:29:19,610  INFO - MESSAGE: The user 'Add' Notes
 2021-07-01 13:29:21,274  INFO - MESSAGE: OK
 2021-07-01 13:29:21,275  INFO - MESSAGE: The user Saves Notes on the window
 2021-07-01 13:29:21,435  INFO - MESSAGE: OK
 2021-07-01 13:29:21,436  INFO - MESSAGE: The text entered should be visible when the user hovers over the Notes button
 2021-07-01 13:29:21,486  INFO - MESSAGE: TestError
 2021-07-01 13:29:21,491  INFO - MESSAGE: TestError
 2021-07-01 13:29:22,741  INFO - MESSAGE: Edit Permitting
 2021-07-01 13:29:22,742  INFO - MESSAGE: The user is logged into the application
 2021-07-01 13:29:58,536  INFO - MESSAGE: OK
 2021-07-01 13:29:58,537  INFO - MESSAGE: The user is on 'Permitting' screen
 2021-07-01 13:30:06,391  INFO - MESSAGE: OK
 2021-07-01 13:30:06,392  INFO - MESSAGE: 'Permitting' on 'Permitting' is expanded
 2021-07-01 13:30:21,453  INFO - MESSAGE: OK
 2021-07-01 13:30:21,454  INFO - MESSAGE: The user 'Edit' Permitting
 2021-07-01 13:30:22,894  INFO - MESSAGE: OK
 2021-07-01 13:30:22,895  INFO - MESSAGE: The user should be able to Save Permitting
 2021-07-01 13:30:37,905  INFO - MESSAGE: TestError
 2021-07-01 13:30:37,905  INFO - MESSAGE: TestError
 2021-07-01 13:33:01,089  INFO - MESSAGE: OK
 2021-07-01 13:33:01,097  INFO - MESSAGE: The user is on 'Permitting' screen
 2021-07-01 13:33:09,639  INFO - MESSAGE: OK
 2021-07-01 13:33:09,639  INFO - MESSAGE: 'Permitting' on 'Permitting' is expanded
 2021-07-01 13:33:24,706  INFO - MESSAGE: OK
 2021-07-01 13:33:24,707  INFO - MESSAGE: The user 'Add' Notes
 2021-07-01 13:33:25,983  INFO - MESSAGE: OK
 2021-07-01 13:33:25,984  INFO - MESSAGE: The user Saves Notes on the window
 2021-07-01 13:33:26,150  INFO - MESSAGE: OK
 2021-07-01 13:33:26,151  INFO - MESSAGE: The text entered should be visible when the user hovers over the Notes button
 2021-07-01 13:33:31,465  INFO - MESSAGE: OK
 2021-07-01 13:33:31,469  INFO - MESSAGE: OK
 2021-07-01 13:34:23,028  INFO - MESSAGE: OK
 2021-07-01 13:34:23,036  INFO - MESSAGE: The user is on 'Permitting' screen
 2021-07-01 13:34:33,524  INFO - MESSAGE: OK
 2021-07-01 13:34:33,524  INFO - MESSAGE: 'Permitting' on 'Permitting' is expanded
 2021-07-01 13:34:48,616  INFO - MESSAGE: OK
 2021-07-01 13:34:48,617  INFO - MESSAGE: The user 'Edit' Permitting
 2021-07-01 13:34:50,040  INFO - MESSAGE: OK
 2021-07-01 13:34:50,041  INFO - MESSAGE: The user should be able to Save Permitting
 2021-07-01 13:35:00,190  INFO - MESSAGE: OK
 2021-07-01 13:35:00,194  INFO - MESSAGE: OK
 2021-07-07 15:05:44,159  INFO - MESSAGE: OK
 2021-07-07 15:05:44,168  INFO - MESSAGE: The user is on 'Licensing' window
 2021-07-07 15:06:14,371  INFO - MESSAGE: TestError
 2021-07-07 15:06:14,378  INFO - MESSAGE: TestError
 2021-07-07 15:07:34,099  INFO - MESSAGE: OK
 2021-07-07 15:07:34,107  INFO - MESSAGE: The user is on 'Licensing' window
 2021-07-07 15:08:04,357  INFO - MESSAGE: TestError
 2021-07-07 15:08:04,365  INFO - MESSAGE: TestError
 2021-07-07 15:08:55,438  INFO - MESSAGE: OK
 2021-07-07 15:08:55,446  INFO - MESSAGE: The user is on 'Permitting' screen
 2021-07-07 15:09:23,298  INFO - MESSAGE: OK
 2021-07-07 15:09:23,299  INFO - MESSAGE: 'Permitting' on 'Permitting' is expanded
 2021-07-07 15:09:38,389  INFO - MESSAGE: OK
 2021-07-07 15:09:38,390  INFO - MESSAGE: The user 'Add' Notes
 2021-07-07 15:09:43,322  INFO - MESSAGE: OK
 2021-07-07 15:09:43,323  INFO - MESSAGE: The user Saves Notes on the window
 2021-07-07 15:09:43,479  INFO - MESSAGE: OK
 2021-07-07 15:09:43,479  INFO - MESSAGE: The text entered should be visible when the user hovers over the Notes button
 2021-07-07 15:09:48,769  INFO - MESSAGE: OK
 2021-07-07 15:09:48,772  INFO - MESSAGE: OK
 2021-07-07 15:09:50,030  INFO - MESSAGE: Edit Permitting
 2021-07-07 15:09:50,031  INFO - MESSAGE: The user is logged into the application
 2021-07-07 15:10:26,372  INFO - MESSAGE: OK
 2021-07-07 15:10:26,373  INFO - MESSAGE: The user is on 'Permitting' screen
 2021-07-07 15:10:37,377  INFO - MESSAGE: OK
 2021-07-07 15:10:37,378  INFO - MESSAGE: 'Permitting' on 'Permitting' is expanded
 2021-07-07 15:10:52,446  INFO - MESSAGE: OK
 2021-07-07 15:10:52,446  INFO - MESSAGE: The user 'Edit' Permitting
 2021-07-07 15:10:53,855  INFO - MESSAGE: OK
 2021-07-07 15:10:53,855  INFO - MESSAGE: The user should be able to Save Permitting
 2021-07-07 15:11:08,935  INFO - MESSAGE: TestError
 2021-07-07 15:11:08,939  INFO - MESSAGE: TestError
 2021-07-07 19:24:29,934  INFO - MESSAGE: OK
 2021-07-07 19:24:29,946  INFO - MESSAGE: The user is on 'Licensing' window
 2021-07-07 19:25:00,334  INFO - MESSAGE: TestError
 2021-07-07 19:25:00,343  INFO - MESSAGE: TestError
 2021-07-07 19:36:01,422  INFO - MESSAGE: OK
 2021-07-07 19:36:01,440  INFO - MESSAGE: The user is on 'Licensing' window
 2021-07-07 19:36:31,845  INFO - MESSAGE: TestError
 2021-07-07 19:36:31,856  INFO - MESSAGE: TestError
 2021-07-07 19:51:19,871  INFO - MESSAGE: OK
 2021-07-07 19:51:19,882  INFO - MESSAGE: The user is on 'Permitting' screen
 2021-07-07 19:51:32,519  INFO - MESSAGE: OK
 2021-07-07 19:51:32,520  INFO - MESSAGE: 'Permitting' on 'Permitting' is expanded
 2021-07-07 19:51:47,624  INFO - MESSAGE: OK
 2021-07-07 19:51:47,628  INFO - MESSAGE: The user 'Add' Notes
 2021-07-07 19:51:49,202  INFO - MESSAGE: OK
 2021-07-07 19:51:49,204  INFO - MESSAGE: The user Saves Notes on the window
 2021-07-07 19:51:49,610  INFO - MESSAGE: OK
 2021-07-07 19:51:49,611  INFO - MESSAGE: The text entered should be visible when the user hovers over the Notes button
 2021-07-07 19:51:54,954  INFO - MESSAGE: OK
 2021-07-07 19:51:54,963  INFO - MESSAGE: OK
 2021-07-07 19:59:18,703  INFO - MESSAGE: OK
 2021-07-07 19:59:18,715  INFO - MESSAGE: The user is on 'Licensing' window
 2021-07-07 19:59:49,064  INFO - MESSAGE: TestError
 2021-07-07 19:59:49,077  INFO - MESSAGE: TestError
 2021-07-07 20:05:15,866  INFO - MESSAGE: OK
 2021-07-07 20:05:15,884  INFO - MESSAGE: The user is on 'Licensing' window
 2021-07-07 20:05:46,283  INFO - MESSAGE: TestError
 2021-07-07 20:05:46,294  INFO - MESSAGE: TestError
 2021-07-07 20:19:16,475  INFO - MESSAGE: OK
 2021-07-07 20:19:16,488  INFO - MESSAGE: The user is on 'Licensing' window
 2021-07-07 20:19:46,860  INFO - MESSAGE: TestError
 2021-07-07 20:19:46,871  INFO - MESSAGE: TestError
 2021-07-07 20:27:06,246  INFO - MESSAGE: TestError
 2021-07-07 20:27:06,301  INFO - MESSAGE: TestError
 2021-07-07 20:37:48,041  INFO - MESSAGE: OK
 2021-07-07 20:37:48,053  INFO - MESSAGE: The user is on 'Licensing' window
 2021-07-07 20:39:26,909  INFO - MESSAGE: TestError
 2021-07-07 20:46:07,647  INFO - MESSAGE: OK
 2021-07-07 20:46:07,654  INFO - MESSAGE: The user is on 'Licensing' window
 2021-07-07 20:46:37,875  INFO - MESSAGE: TestError
 2021-07-07 20:46:37,882  INFO - MESSAGE: TestError
 